
2024-06-10 17:54:35, registry.gitlab.docdirekt.rijkscloud.nl/advanced-search/content-services/idol/community:24.2, Image already exists in remote repository, Elapsed time: 0.77 seconds

2024-06-10 17:54:35, registry.gitlab.docdirekt.rijkscloud.nl/advanced-search/content-services/idol/siteadmin:24.2, Image already exists in remote repository, Elapsed time: 0.55 seconds

2024-06-10 17:54:36, registry.gitlab.docdirekt.rijkscloud.nl/advanced-search/content-services/idol/dataadmin:24.2, Image already exists in remote repository, Elapsed time: 0.56 seconds

2024-06-10 17:54:36, registry.gitlab.docdirekt.rijkscloud.nl/advanced-search/content-services/idol/find:24.2, Image already exists in remote repository, Elapsed time: 0.57 seconds

2024-06-10 17:54:37, registry.gitlab.docdirekt.rijkscloud.nl/advanced-search/content-services/idol/qms-agentstore:24.2, Image already exists in remote repository, Elapsed time: 0.56 seconds

2024-06-10 17:54:38, registry.gitlab.docdirekt.rijkscloud.nl/advanced-search/content-services/idol/categorisation-agentstore:24.2, Image already exists in remote repository, Elapsed time: 0.64 seconds

2024-06-10 17:54:38, registry.gitlab.docdirekt.rijkscloud.nl/advanced-search/content-services/idol/agentstore:24.2, Image already exists in remote repository, Elapsed time: 0.56 seconds

2024-06-10 17:54:39, registry.gitlab.docdirekt.rijkscloud.nl/advanced-search/content-services/idol/omnigroupserver:24.2, Image already exists in remote repository, Elapsed time: 0.52 seconds

2024-06-10 17:54:39, registry.gitlab.docdirekt.rijkscloud.nl/advanced-search/content-services/idol/view:24.2, Image already exists in remote repository, Elapsed time: 0.51 seconds

2024-06-10 17:54:40, registry.gitlab.docdirekt.rijkscloud.nl/advanced-search/content-services/idol/statsserver:24.2, Image already exists in remote repository, Elapsed time: 0.53 seconds

2024-06-10 17:54:40, registry.gitlab.docdirekt.rijkscloud.nl/advanced-search/content-services/idol/qms:24.2, Image already exists in remote repository, Elapsed time: 0.52 seconds

2024-06-10 17:54:41, registry.gitlab.docdirekt.rijkscloud.nl/advanced-search/content-services/idol/eductionserver:24.2, Image already exists in remote repository, Elapsed time: 0.56 seconds

2024-06-10 17:54:41, registry.gitlab.docdirekt.rijkscloud.nl/advanced-search/content-services/idol/dih:24.2, Image already exists in remote repository, Elapsed time: 0.57 seconds

2024-06-10 17:54:42, registry.gitlab.docdirekt.rijkscloud.nl/advanced-search/content-services/idol/dah:24.2, Image already exists in remote repository, Elapsed time: 0.53 seconds

2024-06-10 17:54:42, registry.gitlab.docdirekt.rijkscloud.nl/advanced-search/content-services/idol/coordinator:24.2, Image already exists in remote repository, Elapsed time: 0.56 seconds

2024-06-10 17:54:43, registry.gitlab.docdirekt.rijkscloud.nl/advanced-search/content-services/idol/controller:24.2, Image already exists in remote repository, Elapsed time: 0.58 seconds

2024-06-10 17:54:44, registry.gitlab.docdirekt.rijkscloud.nl/advanced-search/content-services/idol/content:24.2, Image already exists in remote repository, Elapsed time: 0.51 seconds

2024-06-10 17:54:44, registry.gitlab.docdirekt.rijkscloud.nl/advanced-search/content-services/idol/category:24.2, Image already exists in remote repository, Elapsed time: 0.52 seconds

2024-06-10 17:54:45, registry.gitlab.docdirekt.rijkscloud.nl/advanced-search/content-services/idol/siteadmin:24.1, Image already exists in remote repository, Elapsed time: 0.70 seconds

2024-06-10 17:54:45, registry.gitlab.docdirekt.rijkscloud.nl/advanced-search/content-services/idol/dataadmin:24.1, Image already exists in remote repository, Elapsed time: 0.55 seconds

2024-06-10 17:54:46, registry.gitlab.docdirekt.rijkscloud.nl/advanced-search/content-services/idol/find:24.1, Image already exists in remote repository, Elapsed time: 0.54 seconds

2024-06-10 17:54:46, registry.gitlab.docdirekt.rijkscloud.nl/advanced-search/content-services/idol/view:24.1, Image already exists in remote repository, Elapsed time: 0.49 seconds

2024-06-10 17:54:47, registry.gitlab.docdirekt.rijkscloud.nl/advanced-search/content-services/idol/statsserver:24.1, Image already exists in remote repository, Elapsed time: 0.59 seconds

2024-06-10 17:54:47, registry.gitlab.docdirekt.rijkscloud.nl/advanced-search/content-services/idol/eductionserver:24.1, Image already exists in remote repository, Elapsed time: 0.52 seconds

2024-06-10 17:54:48, registry.gitlab.docdirekt.rijkscloud.nl/advanced-search/content-services/idol/dih:24.1, Image already exists in remote repository, Elapsed time: 0.49 seconds

2024-06-10 17:54:48, registry.gitlab.docdirekt.rijkscloud.nl/advanced-search/content-services/idol/dah:24.1, Image already exists in remote repository, Elapsed time: 0.54 seconds

2024-06-10 17:54:49, registry.gitlab.docdirekt.rijkscloud.nl/advanced-search/content-services/idol/coordinator:24.1, Image already exists in remote repository, Elapsed time: 0.80 seconds

2024-06-10 17:54:50, registry.gitlab.docdirekt.rijkscloud.nl/advanced-search/content-services/idol/controller:24.1, Image already exists in remote repository, Elapsed time: 0.64 seconds

2024-06-10 17:54:50, registry.gitlab.docdirekt.rijkscloud.nl/advanced-search/content-services/idol/community:24.1, Image already exists in remote repository, Elapsed time: 0.52 seconds

2024-06-10 17:54:51, registry.gitlab.docdirekt.rijkscloud.nl/advanced-search/content-services/idol/qms-agentstore:24.1, Image already exists in remote repository, Elapsed time: 0.64 seconds

2024-06-10 17:54:52, registry.gitlab.docdirekt.rijkscloud.nl/advanced-search/content-services/idol/categorisation-agentstore:24.1, Image already exists in remote repository, Elapsed time: 0.65 seconds

2024-06-10 17:54:52, registry.gitlab.docdirekt.rijkscloud.nl/advanced-search/content-services/idol/agentstore:24.1, Image already exists in remote repository, Elapsed time: 0.60 seconds

2024-06-10 17:54:53, registry.gitlab.docdirekt.rijkscloud.nl/advanced-search/content-services/idol/omnigroupserver:24.1, Image already exists in remote repository, Elapsed time: 0.52 seconds

2024-06-10 17:54:53, registry.gitlab.docdirekt.rijkscloud.nl/advanced-search/content-services/idol/qms:24.1, Image already exists in remote repository, Elapsed time: 0.52 seconds

2024-06-10 17:54:54, registry.gitlab.docdirekt.rijkscloud.nl/advanced-search/content-services/idol/content:24.1, Image already exists in remote repository, Elapsed time: 0.53 seconds

2024-06-10 17:54:54, registry.gitlab.docdirekt.rijkscloud.nl/advanced-search/content-services/idol/category:24.1, Image already exists in remote repository, Elapsed time: 0.52 seconds

2024-06-10 17:54:55, registry.gitlab.docdirekt.rijkscloud.nl/advanced-search/content-services/idol/siteadmin:23.4, Image already exists in remote repository, Elapsed time: 0.60 seconds

2024-06-10 17:54:56, registry.gitlab.docdirekt.rijkscloud.nl/advanced-search/content-services/idol/dataadmin:23.4, Image already exists in remote repository, Elapsed time: 0.62 seconds

2024-06-10 17:54:56, registry.gitlab.docdirekt.rijkscloud.nl/advanced-search/content-services/idol/find:23.4, Image already exists in remote repository, Elapsed time: 0.75 seconds

2024-06-10 17:54:57, registry.gitlab.docdirekt.rijkscloud.nl/advanced-search/content-services/idol/omnigroupserver:23.4, Image already exists in remote repository, Elapsed time: 0.58 seconds

2024-06-10 17:54:57, registry.gitlab.docdirekt.rijkscloud.nl/advanced-search/content-services/idol/view:23.4, Image already exists in remote repository, Elapsed time: 0.55 seconds

2024-06-10 17:54:58, registry.gitlab.docdirekt.rijkscloud.nl/advanced-search/content-services/idol/qms:23.4, Image already exists in remote repository, Elapsed time: 0.56 seconds

2024-06-10 17:54:59, registry.gitlab.docdirekt.rijkscloud.nl/advanced-search/content-services/idol/qms-agentstore:23.4, Image already exists in remote repository, Elapsed time: 0.59 seconds

2024-06-10 17:54:59, registry.gitlab.docdirekt.rijkscloud.nl/advanced-search/content-services/idol/categorisation-agentstore:23.4, Image already exists in remote repository, Elapsed time: 0.60 seconds

2024-06-10 17:55:00, registry.gitlab.docdirekt.rijkscloud.nl/advanced-search/content-services/idol/agentstore:23.4, Image already exists in remote repository, Elapsed time: 0.65 seconds

2024-06-10 17:55:00, registry.gitlab.docdirekt.rijkscloud.nl/advanced-search/content-services/idol/statsserver:23.4, Image already exists in remote repository, Elapsed time: 0.52 seconds

2024-06-10 17:55:01, registry.gitlab.docdirekt.rijkscloud.nl/advanced-search/content-services/idol/eductionserver:23.4, Image already exists in remote repository, Elapsed time: 0.50 seconds

2024-06-10 17:55:01, registry.gitlab.docdirekt.rijkscloud.nl/advanced-search/content-services/idol/dih:23.4, Image already exists in remote repository, Elapsed time: 0.50 seconds

2024-06-10 17:55:02, registry.gitlab.docdirekt.rijkscloud.nl/advanced-search/content-services/idol/dah:23.4, Image already exists in remote repository, Elapsed time: 0.52 seconds

2024-06-10 17:55:02, registry.gitlab.docdirekt.rijkscloud.nl/advanced-search/content-services/idol/coordinator:23.4, Image already exists in remote repository, Elapsed time: 0.56 seconds

2024-06-10 17:55:03, registry.gitlab.docdirekt.rijkscloud.nl/advanced-search/content-services/idol/controller:23.4, Image already exists in remote repository, Elapsed time: 0.66 seconds

2024-06-10 17:55:04, registry.gitlab.docdirekt.rijkscloud.nl/advanced-search/content-services/idol/content:23.4, Image already exists in remote repository, Elapsed time: 0.60 seconds

2024-06-10 17:55:04, registry.gitlab.docdirekt.rijkscloud.nl/advanced-search/content-services/idol/community:23.4, Image already exists in remote repository, Elapsed time: 0.63 seconds
