2024-06-10 17:07:39, registry.gitlab.docdirekt.rijkscloud.nl/advanced-search/content-services/idol/community:24.2, Pushed successfully
2024-06-10 17:34:20, registry.gitlab.docdirekt.rijkscloud.nl/advanced-search/content-services/idol/nifi-minimal:24.2, Pushed successfully
2024-06-10 17:34:22, registry.gitlab.docdirekt.rijkscloud.nl/advanced-search/content-services/idol/siteadmin:24.2, Pushed successfully
2024-06-10 17:34:22, registry.gitlab.docdirekt.rijkscloud.nl/advanced-search/content-services/idol/dataadmin:24.2, Pushed successfully
2024-06-10 17:34:23, registry.gitlab.docdirekt.rijkscloud.nl/advanced-search/content-services/idol/find:24.2, Pushed successfully
2024-06-10 17:34:24, registry.gitlab.docdirekt.rijkscloud.nl/advanced-search/content-services/idol/qms-agentstore:24.2, Pushed successfully
2024-06-10 17:34:24, registry.gitlab.docdirekt.rijkscloud.nl/advanced-search/content-services/idol/categorisation-agentstore:24.2, Pushed successfully
2024-06-10 17:34:25, registry.gitlab.docdirekt.rijkscloud.nl/advanced-search/content-services/idol/agentstore:24.2, Pushed successfully
2024-06-10 17:34:26, registry.gitlab.docdirekt.rijkscloud.nl/advanced-search/content-services/idol/omnigroupserver:24.2, Pushed successfully
2024-06-10 17:34:26, registry.gitlab.docdirekt.rijkscloud.nl/advanced-search/content-services/idol/view:24.2, Pushed successfully
2024-06-10 17:34:27, registry.gitlab.docdirekt.rijkscloud.nl/advanced-search/content-services/idol/statsserver:24.2, Pushed successfully
2024-06-10 17:34:27, registry.gitlab.docdirekt.rijkscloud.nl/advanced-search/content-services/idol/qms:24.2, Pushed successfully
2024-06-10 17:34:28, registry.gitlab.docdirekt.rijkscloud.nl/advanced-search/content-services/idol/eductionserver:24.2, Pushed successfully
2024-06-10 17:34:43, registry.gitlab.docdirekt.rijkscloud.nl/advanced-search/content-services/idol/dih:24.2, Pushed successfully
2024-06-10 17:34:44, registry.gitlab.docdirekt.rijkscloud.nl/advanced-search/content-services/idol/dah:24.2, Pushed successfully
2024-06-10 17:34:45, registry.gitlab.docdirekt.rijkscloud.nl/advanced-search/content-services/idol/coordinator:24.2, Pushed successfully
2024-06-10 17:34:45, registry.gitlab.docdirekt.rijkscloud.nl/advanced-search/content-services/idol/controller:24.2, Pushed successfully
2024-06-10 17:34:46, registry.gitlab.docdirekt.rijkscloud.nl/advanced-search/content-services/idol/content:24.2, Pushed successfully
2024-06-10 17:34:46, registry.gitlab.docdirekt.rijkscloud.nl/advanced-search/content-services/idol/category:24.2, Pushed successfully
2024-06-10 17:34:47, registry.gitlab.docdirekt.rijkscloud.nl/advanced-search/content-services/idol/siteadmin:24.1, Pushed successfully
2024-06-10 17:34:48, registry.gitlab.docdirekt.rijkscloud.nl/advanced-search/content-services/idol/dataadmin:24.1, Pushed successfully
2024-06-10 17:34:48, registry.gitlab.docdirekt.rijkscloud.nl/advanced-search/content-services/idol/find:24.1, Pushed successfully
2024-06-10 17:34:49, registry.gitlab.docdirekt.rijkscloud.nl/advanced-search/content-services/idol/view:24.1, Pushed successfully
2024-06-10 17:34:49, registry.gitlab.docdirekt.rijkscloud.nl/advanced-search/content-services/idol/statsserver:24.1, Pushed successfully
2024-06-10 17:34:50, registry.gitlab.docdirekt.rijkscloud.nl/advanced-search/content-services/idol/eductionserver:24.1, Pushed successfully
2024-06-10 17:34:51, registry.gitlab.docdirekt.rijkscloud.nl/advanced-search/content-services/idol/dih:24.1, Pushed successfully
2024-06-10 17:34:51, registry.gitlab.docdirekt.rijkscloud.nl/advanced-search/content-services/idol/dah:24.1, Pushed successfully
2024-06-10 17:34:52, registry.gitlab.docdirekt.rijkscloud.nl/advanced-search/content-services/idol/coordinator:24.1, Pushed successfully
2024-06-10 17:34:52, registry.gitlab.docdirekt.rijkscloud.nl/advanced-search/content-services/idol/controller:24.1, Pushed successfully
2024-06-10 17:34:53, registry.gitlab.docdirekt.rijkscloud.nl/advanced-search/content-services/idol/community:24.1, Pushed successfully
2024-06-10 17:34:53, registry.gitlab.docdirekt.rijkscloud.nl/advanced-search/content-services/idol/qms-agentstore:24.1, Pushed successfully
2024-06-10 17:34:54, registry.gitlab.docdirekt.rijkscloud.nl/advanced-search/content-services/idol/categorisation-agentstore:24.1, Pushed successfully
2024-06-10 17:34:55, registry.gitlab.docdirekt.rijkscloud.nl/advanced-search/content-services/idol/agentstore:24.1, Pushed successfully
2024-06-10 17:34:55, registry.gitlab.docdirekt.rijkscloud.nl/advanced-search/content-services/idol/omnigroupserver:24.1, Pushed successfully
2024-06-10 17:34:56, registry.gitlab.docdirekt.rijkscloud.nl/advanced-search/content-services/idol/qms:24.1, Pushed successfully
2024-06-10 17:34:56, registry.gitlab.docdirekt.rijkscloud.nl/advanced-search/content-services/idol/content:24.1, Pushed successfully
2024-06-10 17:34:57, registry.gitlab.docdirekt.rijkscloud.nl/advanced-search/content-services/idol/category:24.1, Pushed successfully
2024-06-10 17:34:57, registry.gitlab.docdirekt.rijkscloud.nl/advanced-search/content-services/idol/siteadmin:23.4, Pushed successfully
2024-06-10 17:34:58, registry.gitlab.docdirekt.rijkscloud.nl/advanced-search/content-services/idol/dataadmin:23.4, Pushed successfully
2024-06-10 17:34:59, registry.gitlab.docdirekt.rijkscloud.nl/advanced-search/content-services/idol/find:23.4, Pushed successfully
2024-06-10 17:34:59, registry.gitlab.docdirekt.rijkscloud.nl/advanced-search/content-services/idol/omnigroupserver:23.4, Pushed successfully
2024-06-10 17:35:00, registry.gitlab.docdirekt.rijkscloud.nl/advanced-search/content-services/idol/view:23.4, Pushed successfully
2024-06-10 17:35:00, registry.gitlab.docdirekt.rijkscloud.nl/advanced-search/content-services/idol/qms:23.4, Pushed successfully
2024-06-10 17:35:01, registry.gitlab.docdirekt.rijkscloud.nl/advanced-search/content-services/idol/qms-agentstore:23.4, Pushed successfully
2024-06-10 17:35:02, registry.gitlab.docdirekt.rijkscloud.nl/advanced-search/content-services/idol/categorisation-agentstore:23.4, Pushed successfully
2024-06-10 17:35:02, registry.gitlab.docdirekt.rijkscloud.nl/advanced-search/content-services/idol/agentstore:23.4, Pushed successfully
2024-06-10 17:35:03, registry.gitlab.docdirekt.rijkscloud.nl/advanced-search/content-services/idol/statsserver:23.4, Pushed successfully
2024-06-10 17:35:03, registry.gitlab.docdirekt.rijkscloud.nl/advanced-search/content-services/idol/eductionserver:23.4, Pushed successfully
2024-06-10 17:35:04, registry.gitlab.docdirekt.rijkscloud.nl/advanced-search/content-services/idol/dih:23.4, Pushed successfully
2024-06-10 17:35:04, registry.gitlab.docdirekt.rijkscloud.nl/advanced-search/content-services/idol/dah:23.4, Pushed successfully
2024-06-10 17:35:05, registry.gitlab.docdirekt.rijkscloud.nl/advanced-search/content-services/idol/coordinator:23.4, Pushed successfully
2024-06-10 17:35:06, registry.gitlab.docdirekt.rijkscloud.nl/advanced-search/content-services/idol/controller:23.4, Pushed successfully
2024-06-10 17:35:06, registry.gitlab.docdirekt.rijkscloud.nl/advanced-search/content-services/idol/content:23.4, Pushed successfully
2024-06-10 17:35:07, registry.gitlab.docdirekt.rijkscloud.nl/advanced-search/content-services/idol/community:23.4, Pushed successfully
2024-06-10 17:37:33, registry.gitlab.docdirekt.rijkscloud.nl/advanced-search/content-services/idol/find:23.3, Pushed successfully
