2024-06-10 16:18:52, registry.gitlab.docdirekt.rijkscloud.nl/advanced-search/content-services/idol/community:24.2, Pushed successfully
2024-06-10 16:18:53, registry.gitlab.docdirekt.rijkscloud.nl/advanced-search/content-services/idol/siteadmin:24.2, Pushed successfully
2024-06-10 16:18:54, registry.gitlab.docdirekt.rijkscloud.nl/advanced-search/content-services/idol/dataadmin:24.2, Pushed successfully
2024-06-10 16:18:55, registry.gitlab.docdirekt.rijkscloud.nl/advanced-search/content-services/idol/find:24.2, Pushed successfully
2024-06-10 16:18:55, registry.gitlab.docdirekt.rijkscloud.nl/advanced-search/content-services/idol/qms-agentstore:24.2, Pushed successfully
2024-06-10 16:18:56, registry.gitlab.docdirekt.rijkscloud.nl/advanced-search/content-services/idol/categorisation-agentstore:24.2, Pushed successfully
2024-06-10 16:18:57, registry.gitlab.docdirekt.rijkscloud.nl/advanced-search/content-services/idol/agentstore:24.2, Pushed successfully
2024-06-10 16:18:57, registry.gitlab.docdirekt.rijkscloud.nl/advanced-search/content-services/idol/omnigroupserver:24.2, Pushed successfully
2024-06-10 16:20:05, registry.gitlab.docdirekt.rijkscloud.nl/advanced-search/content-services/idol/view:24.2, Pushed successfully
2024-06-10 16:20:05, registry.gitlab.docdirekt.rijkscloud.nl/advanced-search/content-services/idol/statsserver:24.2, Pushed successfully
2024-06-10 16:20:06, registry.gitlab.docdirekt.rijkscloud.nl/advanced-search/content-services/idol/qms:24.2, Pushed successfully
2024-06-10 16:20:07, registry.gitlab.docdirekt.rijkscloud.nl/advanced-search/content-services/idol/eductionserver:24.2, Pushed successfully
2024-06-10 16:20:07, registry.gitlab.docdirekt.rijkscloud.nl/advanced-search/content-services/idol/dah:24.2, Pushed successfully
2024-06-10 16:20:08, registry.gitlab.docdirekt.rijkscloud.nl/advanced-search/content-services/idol/coordinator:24.2, Pushed successfully
2024-06-10 16:20:08, registry.gitlab.docdirekt.rijkscloud.nl/advanced-search/content-services/idol/controller:24.2, Pushed successfully
2024-06-10 16:20:09, registry.gitlab.docdirekt.rijkscloud.nl/advanced-search/content-services/idol/content:24.2, Pushed successfully
2024-06-10 16:20:10, registry.gitlab.docdirekt.rijkscloud.nl/advanced-search/content-services/idol/category:24.2, Pushed successfully
2024-06-10 16:20:10, registry.gitlab.docdirekt.rijkscloud.nl/advanced-search/content-services/idol/siteadmin:24.1, Pushed successfully
2024-06-10 16:20:11, registry.gitlab.docdirekt.rijkscloud.nl/advanced-search/content-services/idol/dataadmin:24.1, Pushed successfully
2024-06-10 16:20:11, registry.gitlab.docdirekt.rijkscloud.nl/advanced-search/content-services/idol/find:24.1, Pushed successfully
2024-06-10 16:20:12, registry.gitlab.docdirekt.rijkscloud.nl/advanced-search/content-services/idol/view:24.1, Pushed successfully
2024-06-10 16:20:13, registry.gitlab.docdirekt.rijkscloud.nl/advanced-search/content-services/idol/statsserver:24.1, Pushed successfully
2024-06-10 16:20:13, registry.gitlab.docdirekt.rijkscloud.nl/advanced-search/content-services/idol/eductionserver:24.1, Pushed successfully
2024-06-10 16:20:14, registry.gitlab.docdirekt.rijkscloud.nl/advanced-search/content-services/idol/dih:24.1, Pushed successfully
2024-06-10 16:20:15, registry.gitlab.docdirekt.rijkscloud.nl/advanced-search/content-services/idol/dah:24.1, Pushed successfully
2024-06-10 16:20:15, registry.gitlab.docdirekt.rijkscloud.nl/advanced-search/content-services/idol/coordinator:24.1, Pushed successfully
2024-06-10 16:20:16, registry.gitlab.docdirekt.rijkscloud.nl/advanced-search/content-services/idol/controller:24.1, Pushed successfully
2024-06-10 16:20:16, registry.gitlab.docdirekt.rijkscloud.nl/advanced-search/content-services/idol/community:24.1, Pushed successfully
2024-06-10 16:20:17, registry.gitlab.docdirekt.rijkscloud.nl/advanced-search/content-services/idol/qms-agentstore:24.1, Pushed successfully
2024-06-10 16:20:18, registry.gitlab.docdirekt.rijkscloud.nl/advanced-search/content-services/idol/categorisation-agentstore:24.1, Pushed successfully
2024-06-10 16:20:18, registry.gitlab.docdirekt.rijkscloud.nl/advanced-search/content-services/idol/agentstore:24.1, Pushed successfully
2024-06-10 16:20:19, registry.gitlab.docdirekt.rijkscloud.nl/advanced-search/content-services/idol/omnigroupserver:24.1, Pushed successfully
2024-06-10 16:20:19, registry.gitlab.docdirekt.rijkscloud.nl/advanced-search/content-services/idol/qms:24.1, Pushed successfully
2024-06-10 16:20:20, registry.gitlab.docdirekt.rijkscloud.nl/advanced-search/content-services/idol/content:24.1, Pushed successfully
2024-06-10 16:20:21, registry.gitlab.docdirekt.rijkscloud.nl/advanced-search/content-services/idol/category:24.1, Pushed successfully
2024-06-10 16:20:21, registry.gitlab.docdirekt.rijkscloud.nl/advanced-search/content-services/idol/siteadmin:23.4, Pushed successfully
2024-06-10 16:20:22, registry.gitlab.docdirekt.rijkscloud.nl/advanced-search/content-services/idol/dataadmin:23.4, Pushed successfully
2024-06-10 16:20:23, registry.gitlab.docdirekt.rijkscloud.nl/advanced-search/content-services/idol/find:23.4, Pushed successfully
2024-06-10 16:20:23, registry.gitlab.docdirekt.rijkscloud.nl/advanced-search/content-services/idol/omnigroupserver:23.4, Pushed successfully
2024-06-10 16:20:24, registry.gitlab.docdirekt.rijkscloud.nl/advanced-search/content-services/idol/view:23.4, Pushed successfully
2024-06-10 16:20:24, registry.gitlab.docdirekt.rijkscloud.nl/advanced-search/content-services/idol/qms:23.4, Pushed successfully
2024-06-10 16:20:25, registry.gitlab.docdirekt.rijkscloud.nl/advanced-search/content-services/idol/qms-agentstore:23.4, Pushed successfully
2024-06-10 16:20:26, registry.gitlab.docdirekt.rijkscloud.nl/advanced-search/content-services/idol/categorisation-agentstore:23.4, Pushed successfully
2024-06-10 16:20:26, registry.gitlab.docdirekt.rijkscloud.nl/advanced-search/content-services/idol/agentstore:23.4, Pushed successfully
2024-06-10 16:20:27, registry.gitlab.docdirekt.rijkscloud.nl/advanced-search/content-services/idol/statsserver:23.4, Pushed successfully
2024-06-10 16:20:27, registry.gitlab.docdirekt.rijkscloud.nl/advanced-search/content-services/idol/eductionserver:23.4, Pushed successfully
2024-06-10 16:20:28, registry.gitlab.docdirekt.rijkscloud.nl/advanced-search/content-services/idol/dih:23.4, Pushed successfully
2024-06-10 16:20:29, registry.gitlab.docdirekt.rijkscloud.nl/advanced-search/content-services/idol/dah:23.4, Pushed successfully
2024-06-10 16:20:29, registry.gitlab.docdirekt.rijkscloud.nl/advanced-search/content-services/idol/coordinator:23.4, Pushed successfully
2024-06-10 16:20:30, registry.gitlab.docdirekt.rijkscloud.nl/advanced-search/content-services/idol/controller:23.4, Pushed successfully
2024-06-10 16:20:30, registry.gitlab.docdirekt.rijkscloud.nl/advanced-search/content-services/idol/content:23.4, Pushed successfully
2024-06-10 16:20:31, registry.gitlab.docdirekt.rijkscloud.nl/advanced-search/content-services/idol/community:23.4, Pushed successfully
